This file contains any messages produced by compilers while
running configure, to aid debugging if configure makes a mistake.

It was created by libneoscrypt configure 1.0, which was
generated by GNU Autoconf 2.69.  Invocation command line was

  $ ./configure --host=i686-w64-mingw32 --build=x86_64-pc-linux-gnu --host=i686-w64-mingw32 --build=x86_64-pc-linux-gnu --prefix=/opt/wine64/drive_c/electrum/contrib/neoscrypt_module/dist --with-gmp=no --disable-static --enable-shared

## --------- ##
## Platform. ##
## --------- ##

hostname = c413fed00491
uname -m = x86_64
uname -r = 5.14.21-150400.24.11-default
uname -s = Linux
uname -v = #1 SMP PREEMPT_DYNAMIC Sun Jul 17 20:46:33 UTC 2022 (be260ca)

/usr/bin/uname -p = x86_64
/bin/uname -X     = unknown

/bin/arch              = x86_64
/usr/bin/arch -k       = unknown
/usr/convex/getsysinfo = unknown
/usr/bin/hostinfo      = unknown
/bin/machine           = unknown
/usr/bin/oslevel       = unknown
/bin/universe          = unknown

PATH: /home/user/.local/bin
PATH: /usr/local/sbin
PATH: /usr/local/bin
PATH: /usr/sbin
PATH: /usr/bin
PATH: /sbin
PATH: /bin


## ----------- ##
## Core tests. ##
## ----------- ##

configure:2395: checking build system type
configure:2409: result: x86_64-pc-linux-gnu
configure:2429: checking host system type
configure:2442: result: i686-w64-mingw32
configure:2481: checking for a BSD-compatible install
configure:2549: result: /usr/bin/install -c
configure:2560: checking whether build environment is sane
configure:2615: result: yes
configure:2672: checking for i686-w64-mingw32-strip
configure:2688: found /usr/bin/i686-w64-mingw32-strip
configure:2699: result: i686-w64-mingw32-strip
configure:2764: checking for a thread-safe mkdir -p
configure:2803: result: /usr/bin/mkdir -p
configure:2810: checking for gawk
configure:2840: result: no
configure:2810: checking for mawk
configure:2826: found /usr/bin/mawk
configure:2837: result: mawk
configure:2848: checking whether make sets $(MAKE)
configure:2870: result: yes
configure:2899: checking whether make supports nested variables
configure:2916: result: yes
configure:3093: checking how to print strings
configure:3120: result: printf
configure:3145: checking whether make supports the include directive
configure:3160: make -f confmf.GNU && cat confinc.out
this is the am__doit target
configure:3163: $? = 0
configure:3182: result: yes (GNU style)
configure:3212: checking for i686-w64-mingw32-gcc
configure:3228: found /usr/bin/i686-w64-mingw32-gcc
configure:3239: result: i686-w64-mingw32-gcc
configure:3508: checking for C compiler version
configure:3517: i686-w64-mingw32-gcc --version >&5
i686-w64-mingw32-gcc (GCC) 9.3-win32 20200320
Copyright (C) 2019 Free Software Foundation, Inc.
This is free software; see the source for copying conditions.  There is NO
warranty; not even for MERCHANTABILITY or FITNESS FOR A PARTICULAR PURPOSE.

configure:3528: $? = 0
configure:3517: i686-w64-mingw32-gcc -v >&5
Using built-in specs.
COLLECT_GCC=i686-w64-mingw32-gcc
COLLECT_LTO_WRAPPER=/usr/lib/gcc/i686-w64-mingw32/9.3-win32/lto-wrapper
Target: i686-w64-mingw32
Configured with: ../../src/configure --build=x86_64-linux-gnu --prefix=/usr --includedir='/usr/include' --mandir='/usr/share/man' --infodir='/usr/share/info' --sysconfdir=/etc --localstatedir=/var --disable-silent-rules --libdir='/usr/lib/x86_64-linux-gnu' --libexecdir='/usr/lib/x86_64-linux-gnu' --disable-maintainer-mode --disable-dependency-tracking --prefix=/usr --enable-shared --enable-static --disable-multilib --with-system-zlib --libexecdir=/usr/lib --without-included-gettext --libdir=/usr/lib --enable-libstdcxx-time=yes --with-tune=generic --with-headers=/usr/i686-w64-mingw32/include --enable-version-specific-runtime-libs --enable-fully-dynamic-string --enable-libgomp --enable-languages=c,c++,fortran,objc,obj-c++,ada --enable-lto --enable-threads=win32 --program-suffix=-win32 --program-prefix=i686-w64-mingw32- --target=i686-w64-mingw32 --with-as=/usr/bin/i686-w64-mingw32-as --with-ld=/usr/bin/i686-w64-mingw32-ld --enable-libatomic --enable-libstdcxx-filesystem-ts=yes --enable-dependency-tracking
Thread model: win32
gcc version 9.3-win32 20200320 (GCC) 
configure:3528: $? = 0
configure:3517: i686-w64-mingw32-gcc -V >&5
i686-w64-mingw32-gcc: error: unrecognized command line option '-V'
i686-w64-mingw32-gcc: fatal error: no input files
compilation terminated.
configure:3528: $? = 1
configure:3517: i686-w64-mingw32-gcc -qversion >&5
i686-w64-mingw32-gcc: error: unrecognized command line option '-qversion'; did you mean '--version'?
i686-w64-mingw32-gcc: fatal error: no input files
compilation terminated.
configure:3528: $? = 1
configure:3548: checking whether the C compiler works
configure:3570: i686-w64-mingw32-gcc -g   conftest.c  >&5
configure:3574: $? = 0
configure:3622: result: yes
configure:3625: checking for C compiler default output file name
configure:3627: result: a.exe
configure:3633: checking for suffix of executables
configure:3640: i686-w64-mingw32-gcc -o conftest.exe -g   conftest.c  >&5
configure:3644: $? = 0
configure:3666: result: .exe
configure:3688: checking whether we are cross compiling
configure:3726: result: yes
configure:3731: checking for suffix of object files
configure:3753: i686-w64-mingw32-gcc -c -g  conftest.c >&5
configure:3757: $? = 0
configure:3778: result: o
configure:3782: checking whether we are using the GNU C compiler
configure:3801: i686-w64-mingw32-gcc -c -g  conftest.c >&5
configure:3801: $? = 0
configure:3810: result: yes
configure:3819: checking whether i686-w64-mingw32-gcc accepts -g
configure:3839: i686-w64-mingw32-gcc -c -g  conftest.c >&5
configure:3839: $? = 0
configure:3880: result: yes
configure:3897: checking for i686-w64-mingw32-gcc option to accept ISO C89
configure:3960: i686-w64-mingw32-gcc  -c -g  conftest.c >&5
configure:3960: $? = 0
configure:3973: result: none needed
configure:3998: checking whether i686-w64-mingw32-gcc understands -c and -o together
configure:4020: i686-w64-mingw32-gcc -c conftest.c -o conftest2.o
configure:4023: $? = 0
configure:4020: i686-w64-mingw32-gcc -c conftest.c -o conftest2.o
configure:4023: $? = 0
configure:4035: result: yes
configure:4054: checking dependency style of i686-w64-mingw32-gcc
configure:4165: result: gcc3
configure:4180: checking for a sed that does not truncate output
configure:4244: result: /usr/bin/sed
configure:4262: checking for grep that handles long lines and -e
configure:4320: result: /usr/bin/grep
configure:4325: checking for egrep
configure:4387: result: /usr/bin/grep -E
configure:4392: checking for fgrep
configure:4454: result: /usr/bin/grep -F
configure:4489: checking for ld used by i686-w64-mingw32-gcc
configure:4556: result: /usr/bin/i686-w64-mingw32-ld
configure:4563: checking if the linker (/usr/bin/i686-w64-mingw32-ld) is GNU ld
configure:4578: result: yes
configure:4590: checking for BSD- or MS-compatible name lister (nm)
configure:4644: result: /usr/bin/i686-w64-mingw32-nm -B
configure:4774: checking the name lister (/usr/bin/i686-w64-mingw32-nm -B) interface
configure:4781: i686-w64-mingw32-gcc -c -g  conftest.c >&5
configure:4784: /usr/bin/i686-w64-mingw32-nm -B "conftest.o"
configure:4787: output
00000000 b .bss
00000000 d .data
00000000 N .debug_abbrev
00000000 N .debug_aranges
00000000 N .debug_info
00000000 N .debug_line
00000000 r .rdata$zzz
00000000 t .text
00000000 B _some_variable
configure:4788: result: BSD nm
configure:4791: checking whether ln -s works
configure:4795: result: yes
configure:4803: checking the maximum length of command line arguments
configure:4934: result: 1572864
configure:4982: checking how to convert x86_64-pc-linux-gnu file names to i686-w64-mingw32 format
configure:5022: result: func_convert_file_nix_to_w32
configure:5029: checking how to convert x86_64-pc-linux-gnu file names to toolchain format
configure:5049: result: func_convert_file_noop
configure:5056: checking for /usr/bin/i686-w64-mingw32-ld option to reload object files
configure:5063: result: -r
configure:5097: checking for i686-w64-mingw32-objdump
configure:5113: found /usr/bin/i686-w64-mingw32-objdump
configure:5124: result: i686-w64-mingw32-objdump
configure:5196: checking how to recognize dependent libraries
configure:5396: result: file_magic ^x86 archive import|^x86 DLL
configure:5441: checking for i686-w64-mingw32-dlltool
configure:5457: found /usr/bin/i686-w64-mingw32-dlltool
configure:5468: result: i686-w64-mingw32-dlltool
configure:5541: checking how to associate runtime and link libraries
configure:5568: result: func_cygming_dll_for_implib
configure:5585: checking for i686-w64-mingw32-ar
configure:5601: found /usr/bin/i686-w64-mingw32-ar
configure:5612: result: i686-w64-mingw32-ar
configure:5693: checking for archiver @FILE support
configure:5710: i686-w64-mingw32-gcc -c -g  conftest.c >&5
configure:5710: $? = 0
configure:5713: i686-w64-mingw32-ar cr libconftest.a @conftest.lst >&5
configure:5716: $? = 0
configure:5721: i686-w64-mingw32-ar cr libconftest.a @conftest.lst >&5
i686-w64-mingw32-ar: conftest.o: No such file or directory
configure:5724: $? = 1
configure:5723: result: @
configure:5741: checking for i686-w64-mingw32-strip
configure:5768: result: i686-w64-mingw32-strip
configure:5840: checking for i686-w64-mingw32-ranlib
configure:5856: found /usr/bin/i686-w64-mingw32-ranlib
configure:5867: result: i686-w64-mingw32-ranlib
configure:6009: checking command to parse /usr/bin/i686-w64-mingw32-nm -B output from i686-w64-mingw32-gcc object
configure:6162: i686-w64-mingw32-gcc -c -g  conftest.c >&5
configure:6165: $? = 0
configure:6169: /usr/bin/i686-w64-mingw32-nm -B conftest.o | sed -n -e 's/^.*[	 ]\([ABCDGIRSTW][ABCDGIRSTW]*\)[	 ][	 ]*\([_A-Za-z][_A-Za-z0-9]*\)$/\1 \2 \2/p' | sed '/ __gnu_lto/d' > conftest.nm
cannot find nm_test_var in conftest.nm
configure:6162: i686-w64-mingw32-gcc -c -g  conftest.c >&5
configure:6165: $? = 0
configure:6169: /usr/bin/i686-w64-mingw32-nm -B conftest.o | sed -n -e 's/^.*[	 ]\([ABCDGIRSTW][ABCDGIRSTW]*\)[	 ][	 ]*_\([_A-Za-z][_A-Za-z0-9]*\)$/\1 _\2 \2/p' | sed '/ __gnu_lto/d' > conftest.nm
configure:6235: i686-w64-mingw32-gcc -o conftest.exe -g   conftest.c conftstm.o >&5
configure:6238: $? = 0
configure:6276: result: ok
configure:6323: checking for sysroot
configure:6353: result: no
configure:6360: checking for a working dd
configure:6398: result: /usr/bin/dd
configure:6402: checking how to truncate binary pipes
configure:6417: result: /usr/bin/dd bs=4096 count=1
configure:6706: checking for i686-w64-mingw32-mt
configure:6736: result: no
configure:6746: checking for mt
configure:6776: result: no
configure:6796: checking if : is a manifest tool
configure:6802: : '-?'
configure:6810: result: no
configure:7487: checking how to run the C preprocessor
configure:7518: i686-w64-mingw32-gcc -E  conftest.c
configure:7518: $? = 0
configure:7532: i686-w64-mingw32-gcc -E  conftest.c
conftest.c:11:10: fatal error: ac_nonexistent.h: No such file or directory
   11 | #include <ac_nonexistent.h>
      |          ^~~~~~~~~~~~~~~~~~
compilation terminated.
configure:7532: $? = 1
configure: failed program was:
| /* confdefs.h */
| #define PACKAGE_NAME "libneoscrypt"
| #define PACKAGE_TARNAME "libneoscrypt"
| #define PACKAGE_VERSION "1.0"
| #define PACKAGE_STRING "libneoscrypt 1.0"
| #define PACKAGE_BUGREPORT ""
| #define PACKAGE_URL ""
| #define PACKAGE "libneoscrypt"
| #define VERSION "1.0"
| /* end confdefs.h.  */
| #include <ac_nonexistent.h>
configure:7557: result: i686-w64-mingw32-gcc -E
configure:7577: i686-w64-mingw32-gcc -E  conftest.c
configure:7577: $? = 0
configure:7591: i686-w64-mingw32-gcc -E  conftest.c
conftest.c:11:10: fatal error: ac_nonexistent.h: No such file or directory
   11 | #include <ac_nonexistent.h>
      |          ^~~~~~~~~~~~~~~~~~
compilation terminated.
configure:7591: $? = 1
configure: failed program was:
| /* confdefs.h */
| #define PACKAGE_NAME "libneoscrypt"
| #define PACKAGE_TARNAME "libneoscrypt"
| #define PACKAGE_VERSION "1.0"
| #define PACKAGE_STRING "libneoscrypt 1.0"
| #define PACKAGE_BUGREPORT ""
| #define PACKAGE_URL ""
| #define PACKAGE "libneoscrypt"
| #define VERSION "1.0"
| /* end confdefs.h.  */
| #include <ac_nonexistent.h>
configure:7620: checking for ANSI C header files
configure:7640: i686-w64-mingw32-gcc -c -g  conftest.c >&5
configure:7640: $? = 0
configure:7724: result: yes
configure:7737: checking for sys/types.h
configure:7737: i686-w64-mingw32-gcc -c -g  conftest.c >&5
configure:7737: $? = 0
configure:7737: result: yes
configure:7737: checking for sys/stat.h
configure:7737: i686-w64-mingw32-gcc -c -g  conftest.c >&5
configure:7737: $? = 0
configure:7737: result: yes
configure:7737: checking for stdlib.h
configure:7737: i686-w64-mingw32-gcc -c -g  conftest.c >&5
configure:7737: $? = 0
configure:7737: result: yes
configure:7737: checking for string.h
configure:7737: i686-w64-mingw32-gcc -c -g  conftest.c >&5
configure:7737: $? = 0
configure:7737: result: yes
configure:7737: checking for memory.h
configure:7737: i686-w64-mingw32-gcc -c -g  conftest.c >&5
configure:7737: $? = 0
configure:7737: result: yes
configure:7737: checking for strings.h
configure:7737: i686-w64-mingw32-gcc -c -g  conftest.c >&5
configure:7737: $? = 0
configure:7737: result: yes
configure:7737: checking for inttypes.h
configure:7737: i686-w64-mingw32-gcc -c -g  conftest.c >&5
configure:7737: $? = 0
configure:7737: result: yes
configure:7737: checking for stdint.h
configure:7737: i686-w64-mingw32-gcc -c -g  conftest.c >&5
configure:7737: $? = 0
configure:7737: result: yes
configure:7737: checking for unistd.h
configure:7737: i686-w64-mingw32-gcc -c -g  conftest.c >&5
configure:7737: $? = 0
configure:7737: result: yes
configure:7751: checking for dlfcn.h
configure:7751: i686-w64-mingw32-gcc -c -g  conftest.c >&5
conftest.c:55:10: fatal error: dlfcn.h: No such file or directory
   55 | #include <dlfcn.h>
      |          ^~~~~~~~~
compilation terminated.
configure:7751: $? = 1
configure: failed program was:
| /* confdefs.h */
| #define PACKAGE_NAME "libneoscrypt"
| #define PACKAGE_TARNAME "libneoscrypt"
| #define PACKAGE_VERSION "1.0"
| #define PACKAGE_STRING "libneoscrypt 1.0"
| #define PACKAGE_BUGREPORT ""
| #define PACKAGE_URL ""
| #define PACKAGE "libneoscrypt"
| #define VERSION "1.0"
| #define STDC_HEADERS 1
| #define HAVE_SYS_TYPES_H 1
| #define HAVE_SYS_STAT_H 1
| #define HAVE_STDLIB_H 1
| #define HAVE_STRING_H 1
| #define HAVE_MEMORY_H 1
| #define HAVE_STRINGS_H 1
| #define HAVE_INTTYPES_H 1
| #define HAVE_STDINT_H 1
| #define HAVE_UNISTD_H 1
| /* end confdefs.h.  */
| #include <stdio.h>
| #ifdef HAVE_SYS_TYPES_H
| # include <sys/types.h>
| #endif
| #ifdef HAVE_SYS_STAT_H
| # include <sys/stat.h>
| #endif
| #ifdef STDC_HEADERS
| # include <stdlib.h>
| # include <stddef.h>
| #else
| # ifdef HAVE_STDLIB_H
| #  include <stdlib.h>
| # endif
| #endif
| #ifdef HAVE_STRING_H
| # if !defined STDC_HEADERS && defined HAVE_MEMORY_H
| #  include <memory.h>
| # endif
| # include <string.h>
| #endif
| #ifdef HAVE_STRINGS_H
| # include <strings.h>
| #endif
| #ifdef HAVE_INTTYPES_H
| # include <inttypes.h>
| #endif
| #ifdef HAVE_STDINT_H
| # include <stdint.h>
| #endif
| #ifdef HAVE_UNISTD_H
| # include <unistd.h>
| #endif
| 
| #include <dlfcn.h>
configure:7751: result: no
configure:8007: checking for objdir
configure:8022: result: .libs
configure:8286: checking if i686-w64-mingw32-gcc supports -fno-rtti -fno-exceptions
configure:8304: i686-w64-mingw32-gcc -c -g  -fno-rtti -fno-exceptions conftest.c >&5
cc1: warning: command line option '-fno-rtti' is valid for C++/D/ObjC++ but not for C
configure:8308: $? = 0
configure:8321: result: no
configure:8685: checking for i686-w64-mingw32-gcc option to produce PIC
configure:8692: result: -DDLL_EXPORT -DPIC
configure:8700: checking if i686-w64-mingw32-gcc PIC flag -DDLL_EXPORT -DPIC works
configure:8718: i686-w64-mingw32-gcc -c -g  -DDLL_EXPORT -DPIC -DPIC conftest.c >&5
configure:8722: $? = 0
configure:8735: result: yes
configure:8764: checking if i686-w64-mingw32-gcc static flag -static works
configure:8792: result: yes
configure:8807: checking if i686-w64-mingw32-gcc supports -c -o file.o
configure:8828: i686-w64-mingw32-gcc -c -g  -o out/conftest2.o conftest.c >&5
configure:8832: $? = 0
configure:8854: result: yes
configure:8862: checking if i686-w64-mingw32-gcc supports -c -o file.o
configure:8909: result: yes
configure:8942: checking whether the i686-w64-mingw32-gcc linker (/usr/bin/i686-w64-mingw32-ld) supports shared libraries
configure:10205: result: yes
configure:10242: checking whether -lc should be explicitly linked in
configure:10250: i686-w64-mingw32-gcc -c -g  conftest.c >&5
configure:10253: $? = 0
configure:10268: i686-w64-mingw32-gcc -shared conftest.o  -v -o ./conftest -Wl,--enable-auto-image-base -Xlinker --out-implib -Xlinker conftest 2\>\&1 \| /usr/bin/grep  -lc  \>/dev/null 2\>\&1
configure:10271: $? = 1
configure:10285: result: yes
configure:10445: checking dynamic linker characteristics
configure:11275: result: Win32 ld.exe
configure:11397: checking how to hardcode library paths into programs
configure:11422: result: immediate
configure:11970: checking whether stripping libraries is possible
configure:11975: result: yes
configure:12010: checking if libtool supports shared libraries
configure:12012: result: yes
configure:12015: checking whether to build shared libraries
configure:12040: result: yes
configure:12043: checking whether to build static libraries
configure:12047: result: no
configure:8872: checking whether make supports nested variables
configure:8889: result: yes
configure:8912: checking for i686-w64-mingw32-pkg-config
configure:8930: found /usr/bin/i686-w64-mingw32-pkg-config
configure:8942: result: /usr/bin/i686-w64-mingw32-pkg-config
configure:9010: checking pkg-config is at least version 0.9.0
configure:9016: result: no
configure:9025: checking for i686-w64-mingw32-ar
configure:9043: found /usr/bin/i686-w64-mingw32-ar
configure:9055: result: /usr/bin/i686-w64-mingw32-ar
configure:9123: checking for i686-w64-mingw32-ranlib
configure:9141: found /usr/bin/i686-w64-mingw32-ranlib
configure:9153: result: /usr/bin/i686-w64-mingw32-ranlib
configure:9221: checking for i686-w64-mingw32-strip
configure:9239: found /usr/bin/i686-w64-mingw32-strip
configure:9251: result: /usr/bin/i686-w64-mingw32-strip
configure:9372: checking for gcc
configure:9388: found /usr/bin/gcc
configure:9399: result: gcc
configure:9628: checking for C compiler version
configure:9637: gcc --version >&5
gcc (Ubuntu 9.4.0-1ubuntu1~20.04.1) 9.4.0
Copyright (C) 2019 Free Software Foundation, Inc.
This is free software; see the source for copying conditions.  There is NO
warranty; not even for MERCHANTABILITY or FITNESS FOR A PARTICULAR PURPOSE.

configure:9648: $? = 0
configure:9637: gcc -v >&5
Using built-in specs.
COLLECT_GCC=gcc
COLLECT_LTO_WRAPPER=/usr/lib/gcc/x86_64-linux-gnu/9/lto-wrapper
OFFLOAD_TARGET_NAMES=nvptx-none:hsa
OFFLOAD_TARGET_DEFAULT=1
Target: x86_64-linux-gnu
Configured with: ../src/configure -v --with-pkgversion='Ubuntu 9.4.0-1ubuntu1~20.04.1' --with-bugurl=file:///usr/share/doc/gcc-9/README.Bugs --enable-languages=c,ada,c++,go,brig,d,fortran,objc,obj-c++,gm2 --prefix=/usr --with-gcc-major-version-only --program-suffix=-9 --program-prefix=x86_64-linux-gnu- --enable-shared --enable-linker-build-id --libexecdir=/usr/lib --without-included-gettext --enable-threads=posix --libdir=/usr/lib --enable-nls --enable-clocale=gnu --enable-libstdcxx-debug --enable-libstdcxx-time=yes --with-default-libstdcxx-abi=new --enable-gnu-unique-object --disable-vtable-verify --enable-plugin --enable-default-pie --with-system-zlib --with-target-system-zlib=auto --enable-objc-gc=auto --enable-multiarch --disable-werror --with-arch-32=i686 --with-abi=m64 --with-multilib-list=m32,m64,mx32 --enable-multilib --with-tune=generic --enable-offload-targets=nvptx-none=/build/gcc-9-Av3uEd/gcc-9-9.4.0/debian/tmp-nvptx/usr,hsa --without-cuda-driver --enable-checking=release --build=x86_64-linux-gnu --host=x86_64-linux-gnu --target=x86_64-linux-gnu
Thread model: posix
gcc version 9.4.0 (Ubuntu 9.4.0-1ubuntu1~20.04.1) 
configure:9648: $? = 0
configure:9637: gcc -V >&5
gcc: error: unrecognized command line option '-V'
gcc: fatal error: no input files
compilation terminated.
configure:9648: $? = 1
configure:9637: gcc -qversion >&5
gcc: error: unrecognized command line option '-qversion'; did you mean '--version'?
gcc: fatal error: no input files
compilation terminated.
configure:9648: $? = 1
configure:9652: checking whether we are using the GNU C compiler
configure:9680: result: yes
configure:9689: checking whether gcc accepts -g
configure:9709: i686-w64-mingw32-gcc -c -g  conftest.c >&5
configure:9709: $? = 0
configure:9750: result: yes
configure:9767: checking for gcc option to accept ISO C89
configure:9843: result: none needed
configure:9868: checking whether gcc understands -c and -o together
configure:9905: result: yes
configure:9924: checking dependency style of gcc
configure:10035: result: gcc3
configure:10055: checking how to run the C preprocessor
configure:10086: i686-w64-mingw32-gcc -E  conftest.c
configure:10086: $? = 0
configure:10100: i686-w64-mingw32-gcc -E  conftest.c
conftest.c:22:10: fatal error: ac_nonexistent.h: No such file or directory
   22 | #include <ac_nonexistent.h>
      |          ^~~~~~~~~~~~~~~~~~
compilation terminated.
configure:10100: $? = 1
configure: failed program was:
| /* confdefs.h */
| #define PACKAGE_NAME "libneoscrypt"
| #define PACKAGE_TARNAME "libneoscrypt"
| #define PACKAGE_VERSION "1.0"
| #define PACKAGE_STRING "libneoscrypt 1.0"
| #define PACKAGE_BUGREPORT ""
| #define PACKAGE_URL ""
| #define PACKAGE "libneoscrypt"
| #define VERSION "1.0"
| #define STDC_HEADERS 1
| #define HAVE_SYS_TYPES_H 1
| #define HAVE_SYS_STAT_H 1
| #define HAVE_STDLIB_H 1
| #define HAVE_STRING_H 1
| #define HAVE_MEMORY_H 1
| #define HAVE_STRINGS_H 1
| #define HAVE_INTTYPES_H 1
| #define HAVE_STDINT_H 1
| #define HAVE_UNISTD_H 1
| #define LT_OBJDIR ".libs/"
| /* end confdefs.h.  */
| #include <ac_nonexistent.h>
configure:10125: result: gcc -E
configure:10145: i686-w64-mingw32-gcc -E  conftest.c
configure:10145: $? = 0
configure:10159: i686-w64-mingw32-gcc -E  conftest.c
conftest.c:22:10: fatal error: ac_nonexistent.h: No such file or directory
   22 | #include <ac_nonexistent.h>
      |          ^~~~~~~~~~~~~~~~~~
compilation terminated.
configure:10159: $? = 1
configure: failed program was:
| /* confdefs.h */
| #define PACKAGE_NAME "libneoscrypt"
| #define PACKAGE_TARNAME "libneoscrypt"
| #define PACKAGE_VERSION "1.0"
| #define PACKAGE_STRING "libneoscrypt 1.0"
| #define PACKAGE_BUGREPORT ""
| #define PACKAGE_URL ""
| #define PACKAGE "libneoscrypt"
| #define VERSION "1.0"
| #define STDC_HEADERS 1
| #define HAVE_SYS_TYPES_H 1
| #define HAVE_SYS_STAT_H 1
| #define HAVE_STDLIB_H 1
| #define HAVE_STRING_H 1
| #define HAVE_MEMORY_H 1
| #define HAVE_STRINGS_H 1
| #define HAVE_INTTYPES_H 1
| #define HAVE_STDINT_H 1
| #define HAVE_UNISTD_H 1
| #define LT_OBJDIR ".libs/"
| /* end confdefs.h.  */
| #include <ac_nonexistent.h>
configure:10199: checking for i686-w64-mingw32-gcc option to accept ISO C89
configure:10275: result: none needed
configure:10302: checking dependency style of i686-w64-mingw32-gcc
configure:10411: result: gcc3
configure:10538: checking if i686-w64-mingw32-gcc supports -std=c89 -pedantic -Wall -Wextra -Wcast-align -Wnested-externs -Wshadow -Wstrict-prototypes -Wno-unused-function -Wno-long-long -Wno-overlength-strings
configure:10544: i686-w64-mingw32-gcc -c -std=c89 -pedantic -Wall -Wextra -Wcast-align -Wnested-externs -Wshadow -Wstrict-prototypes -Wno-unused-function -Wno-long-long -Wno-overlength-strings -W -g  conftest.c >&5
configure:10544: $? = 0
configure:10545: result: yes
configure:10557: checking if i686-w64-mingw32-gcc supports -fvisibility=hidden
configure:10563: i686-w64-mingw32-gcc -c -fvisibility=hidden -std=c89 -pedantic -Wall -Wextra -Wcast-align -Wnested-externs -Wshadow -Wstrict-prototypes -Wno-unused-function -Wno-long-long -Wno-overlength-strings -W -g  conftest.c >&5
configure:10563: $? = 0
configure:10564: result: yes
configure:10629: checking for __int128
configure:10629: i686-w64-mingw32-gcc -c -fvisibility=hidden -std=c89 -pedantic -Wall -Wextra -Wcast-align -Wnested-externs -Wshadow -Wstrict-prototypes -Wno-unused-function -Wno-long-long -Wno-overlength-strings -W -g  conftest.c >&5
conftest.c:56:1: warning: function declaration isn't a prototype [-Wstrict-prototypes]
   56 | main ()
      | ^~~~
conftest.c: In function 'main':
conftest.c:58:13: error: expected expression before '__int128'
   58 | if (sizeof (__int128))
      |             ^~~~~~~~
configure:10629: $? = 1
configure: failed program was:
| /* confdefs.h */
| #define PACKAGE_NAME "libneoscrypt"
| #define PACKAGE_TARNAME "libneoscrypt"
| #define PACKAGE_VERSION "1.0"
| #define PACKAGE_STRING "libneoscrypt 1.0"
| #define PACKAGE_BUGREPORT ""
| #define PACKAGE_URL ""
| #define PACKAGE "libneoscrypt"
| #define VERSION "1.0"
| #define STDC_HEADERS 1
| #define HAVE_SYS_TYPES_H 1
| #define HAVE_SYS_STAT_H 1
| #define HAVE_STDLIB_H 1
| #define HAVE_STRING_H 1
| #define HAVE_MEMORY_H 1
| #define HAVE_STRINGS_H 1
| #define HAVE_INTTYPES_H 1
| #define HAVE_STDINT_H 1
| #define HAVE_UNISTD_H 1
| #define LT_OBJDIR ".libs/"
| /* end confdefs.h.  */
| #include <stdio.h>
| #ifdef HAVE_SYS_TYPES_H
| # include <sys/types.h>
| #endif
| #ifdef HAVE_SYS_STAT_H
| # include <sys/stat.h>
| #endif
| #ifdef STDC_HEADERS
| # include <stdlib.h>
| # include <stddef.h>
| #else
| # ifdef HAVE_STDLIB_H
| #  include <stdlib.h>
| # endif
| #endif
| #ifdef HAVE_STRING_H
| # if !defined STDC_HEADERS && defined HAVE_MEMORY_H
| #  include <memory.h>
| # endif
| # include <string.h>
| #endif
| #ifdef HAVE_STRINGS_H
| # include <strings.h>
| #endif
| #ifdef HAVE_INTTYPES_H
| # include <inttypes.h>
| #endif
| #ifdef HAVE_STDINT_H
| # include <stdint.h>
| #endif
| #ifdef HAVE_UNISTD_H
| # include <unistd.h>
| #endif
| int
| main ()
| {
| if (sizeof (__int128))
| 	 return 0;
|   ;
|   return 0;
| }
configure:10629: result: no
configure:10644: checking for x86_64 assembly availability
configure:10661: i686-w64-mingw32-gcc -c -O2 -fvisibility=hidden -std=c89 -pedantic -Wall -Wextra -Wcast-align -Wnested-externs -Wshadow -Wstrict-prototypes -Wno-unused-function -Wno-long-long -Wno-overlength-strings -W -g  conftest.c >&5
conftest.c:25:1: warning: function declaration isn't a prototype [-Wstrict-prototypes]
   25 | main ()
      | ^~~~
conftest.c: In function 'main':
conftest.c:29:3: warning: 'tmp' is used uninitialized in this function [-Wuninitialized]
   29 |   __asm__ __volatile__("movq $0x100000000,%1; mulq %%rsi" : "+a"(a) : "S"(tmp) : "cc", "%rdx");
      |   ^~~~~~~
conftest.c:29:3: error: inconsistent operand constraints in an 'asm'
configure:10661: $? = 1
configure: failed program was:
| /* confdefs.h */
| #define PACKAGE_NAME "libneoscrypt"
| #define PACKAGE_TARNAME "libneoscrypt"
| #define PACKAGE_VERSION "1.0"
| #define PACKAGE_STRING "libneoscrypt 1.0"
| #define PACKAGE_BUGREPORT ""
| #define PACKAGE_URL ""
| #define PACKAGE "libneoscrypt"
| #define VERSION "1.0"
| #define STDC_HEADERS 1
| #define HAVE_SYS_TYPES_H 1
| #define HAVE_SYS_STAT_H 1
| #define HAVE_STDLIB_H 1
| #define HAVE_STRING_H 1
| #define HAVE_MEMORY_H 1
| #define HAVE_STRINGS_H 1
| #define HAVE_INTTYPES_H 1
| #define HAVE_STDINT_H 1
| #define HAVE_UNISTD_H 1
| #define LT_OBJDIR ".libs/"
| /* end confdefs.h.  */
| 
|   #include <stdint.h>
| int
| main ()
| {
| 
|   uint64_t a = 11, tmp;
|   __asm__ __volatile__("movq $0x100000000,%1; mulq %%rsi" : "+a"(a) : "S"(tmp) : "cc", "%rdx");
| 
|   ;
|   return 0;
| }
configure:10667: result: no
configure:10793: checking gmp.h usability
configure:10793: i686-w64-mingw32-gcc -c -O2 -fvisibility=hidden -std=c89 -pedantic -Wall -Wextra -Wcast-align -Wnested-externs -Wshadow -Wstrict-prototypes -Wno-unused-function -Wno-long-long -Wno-overlength-strings -W -g   conftest.c >&5
conftest.c:55:10: fatal error: gmp.h: No such file or directory
   55 | #include <gmp.h>
      |          ^~~~~~~
compilation terminated.
configure:10793: $? = 1
configure: failed program was:
| /* confdefs.h */
| #define PACKAGE_NAME "libneoscrypt"
| #define PACKAGE_TARNAME "libneoscrypt"
| #define PACKAGE_VERSION "1.0"
| #define PACKAGE_STRING "libneoscrypt 1.0"
| #define PACKAGE_BUGREPORT ""
| #define PACKAGE_URL ""
| #define PACKAGE "libneoscrypt"
| #define VERSION "1.0"
| #define STDC_HEADERS 1
| #define HAVE_SYS_TYPES_H 1
| #define HAVE_SYS_STAT_H 1
| #define HAVE_STDLIB_H 1
| #define HAVE_STRING_H 1
| #define HAVE_MEMORY_H 1
| #define HAVE_STRINGS_H 1
| #define HAVE_INTTYPES_H 1
| #define HAVE_STDINT_H 1
| #define HAVE_UNISTD_H 1
| #define LT_OBJDIR ".libs/"
| /* end confdefs.h.  */
| #include <stdio.h>
| #ifdef HAVE_SYS_TYPES_H
| # include <sys/types.h>
| #endif
| #ifdef HAVE_SYS_STAT_H
| # include <sys/stat.h>
| #endif
| #ifdef STDC_HEADERS
| # include <stdlib.h>
| # include <stddef.h>
| #else
| # ifdef HAVE_STDLIB_H
| #  include <stdlib.h>
| # endif
| #endif
| #ifdef HAVE_STRING_H
| # if !defined STDC_HEADERS && defined HAVE_MEMORY_H
| #  include <memory.h>
| # endif
| # include <string.h>
| #endif
| #ifdef HAVE_STRINGS_H
| # include <strings.h>
| #endif
| #ifdef HAVE_INTTYPES_H
| # include <inttypes.h>
| #endif
| #ifdef HAVE_STDINT_H
| # include <stdint.h>
| #endif
| #ifdef HAVE_UNISTD_H
| # include <unistd.h>
| #endif
| #include <gmp.h>
configure:10793: result: no
configure:10793: checking gmp.h presence
configure:10793: i686-w64-mingw32-gcc -E   conftest.c
conftest.c:22:10: fatal error: gmp.h: No such file or directory
   22 | #include <gmp.h>
      |          ^~~~~~~
compilation terminated.
configure:10793: $? = 1
configure: failed program was:
| /* confdefs.h */
| #define PACKAGE_NAME "libneoscrypt"
| #define PACKAGE_TARNAME "libneoscrypt"
| #define PACKAGE_VERSION "1.0"
| #define PACKAGE_STRING "libneoscrypt 1.0"
| #define PACKAGE_BUGREPORT ""
| #define PACKAGE_URL ""
| #define PACKAGE "libneoscrypt"
| #define VERSION "1.0"
| #define STDC_HEADERS 1
| #define HAVE_SYS_TYPES_H 1
| #define HAVE_SYS_STAT_H 1
| #define HAVE_STDLIB_H 1
| #define HAVE_STRING_H 1
| #define HAVE_MEMORY_H 1
| #define HAVE_STRINGS_H 1
| #define HAVE_INTTYPES_H 1
| #define HAVE_STDINT_H 1
| #define HAVE_UNISTD_H 1
| #define LT_OBJDIR ".libs/"
| /* end confdefs.h.  */
| #include <gmp.h>
configure:10793: result: no
configure:10793: checking for gmp.h
configure:10793: result: no
configure:11316: checking whether byte ordering is bigendian
configure:11331: i686-w64-mingw32-gcc -c -O2 -fvisibility=hidden -std=c89 -pedantic -Wall -Wextra -Wcast-align -Wnested-externs -Wshadow -Wstrict-prototypes -Wno-unused-function -Wno-long-long -Wno-overlength-strings -W -g  conftest.c >&5
conftest.c:30:9: error: unknown type name 'not'
   30 |         not a universal capable compiler
      |         ^~~
conftest.c:30:15: error: expected '=', ',', ';', 'asm' or '__attribute__' before 'universal'
   30 |         not a universal capable compiler
      |               ^~~~~~~~~
conftest.c:30:15: error: unknown type name 'universal'
configure:11331: $? = 1
configure: failed program was:
| /* confdefs.h */
| #define PACKAGE_NAME "libneoscrypt"
| #define PACKAGE_TARNAME "libneoscrypt"
| #define PACKAGE_VERSION "1.0"
| #define PACKAGE_STRING "libneoscrypt 1.0"
| #define PACKAGE_BUGREPORT ""
| #define PACKAGE_URL ""
| #define PACKAGE "libneoscrypt"
| #define VERSION "1.0"
| #define STDC_HEADERS 1
| #define HAVE_SYS_TYPES_H 1
| #define HAVE_SYS_STAT_H 1
| #define HAVE_STDLIB_H 1
| #define HAVE_STRING_H 1
| #define HAVE_MEMORY_H 1
| #define HAVE_STRINGS_H 1
| #define HAVE_INTTYPES_H 1
| #define HAVE_STDINT_H 1
| #define HAVE_UNISTD_H 1
| #define LT_OBJDIR ".libs/"
| #define USE_FIELD_10X26 1
| #define USE_NUM_NONE 1
| #define USE_FIELD_INV_BUILTIN 1
| #define USE_SCALAR_INV_BUILTIN 1
| #define USE_SCALAR_8X32 1
| #define ECMULT_WINDOW_SIZE 15
| #define ECMULT_GEN_PREC_BITS 4
| /* end confdefs.h.  */
| #ifndef __APPLE_CC__
| 	       not a universal capable compiler
| 	     #endif
| 	     typedef int dummy;
| 
configure:11376: i686-w64-mingw32-gcc -c -O2 -fvisibility=hidden -std=c89 -pedantic -Wall -Wextra -Wcast-align -Wnested-externs -Wshadow -Wstrict-prototypes -Wno-unused-function -Wno-long-long -Wno-overlength-strings -W -g  conftest.c >&5
conftest.c:33:1: warning: function declaration isn't a prototype [-Wstrict-prototypes]
   33 | main ()
      | ^~~~
configure:11376: $? = 0
configure:11394: i686-w64-mingw32-gcc -c -O2 -fvisibility=hidden -std=c89 -pedantic -Wall -Wextra -Wcast-align -Wnested-externs -Wshadow -Wstrict-prototypes -Wno-unused-function -Wno-long-long -Wno-overlength-strings -W -g  conftest.c >&5
conftest.c:33:1: warning: function declaration isn't a prototype [-Wstrict-prototypes]
   33 | main ()
      | ^~~~
conftest.c: In function 'main':
conftest.c:36:4: error: unknown type name 'not'; did you mean 'ino_t'?
   36 |    not big endian
      |    ^~~
      |    ino_t
conftest.c:36:12: error: expected '=', ',', ';', 'asm' or '__attribute__' before 'endian'
   36 |    not big endian
      |            ^~~~~~
configure:11394: $? = 1
configure: failed program was:
| /* confdefs.h */
| #define PACKAGE_NAME "libneoscrypt"
| #define PACKAGE_TARNAME "libneoscrypt"
| #define PACKAGE_VERSION "1.0"
| #define PACKAGE_STRING "libneoscrypt 1.0"
| #define PACKAGE_BUGREPORT ""
| #define PACKAGE_URL ""
| #define PACKAGE "libneoscrypt"
| #define VERSION "1.0"
| #define STDC_HEADERS 1
| #define HAVE_SYS_TYPES_H 1
| #define HAVE_SYS_STAT_H 1
| #define HAVE_STDLIB_H 1
| #define HAVE_STRING_H 1
| #define HAVE_MEMORY_H 1
| #define HAVE_STRINGS_H 1
| #define HAVE_INTTYPES_H 1
| #define HAVE_STDINT_H 1
| #define HAVE_UNISTD_H 1
| #define LT_OBJDIR ".libs/"
| #define USE_FIELD_10X26 1
| #define USE_NUM_NONE 1
| #define USE_FIELD_INV_BUILTIN 1
| #define USE_SCALAR_INV_BUILTIN 1
| #define USE_SCALAR_8X32 1
| #define ECMULT_WINDOW_SIZE 15
| #define ECMULT_GEN_PREC_BITS 4
| /* end confdefs.h.  */
| #include <sys/types.h>
| 		#include <sys/param.h>
| 
| int
| main ()
| {
| #if BYTE_ORDER != BIG_ENDIAN
| 		 not big endian
| 		#endif
| 
|   ;
|   return 0;
| }
configure:11522: result: no
configure:11759: checking that generated files are newer than configure
configure:11765: result: done
configure:11833: creating ./config.status

## ---------------------- ##
## Running config.status. ##
## ---------------------- ##

This file was extended by libneoscrypt config.status 1.0, which was
generated by GNU Autoconf 2.69.  Invocation command line was

  CONFIG_FILES    = 
  CONFIG_HEADERS  = 
  CONFIG_LINKS    = 
  CONFIG_COMMANDS = 
  $ ./config.status 

on c413fed00491

config.status:1143: creating Makefile
config.status:1143: creating neoscrypt.pc
config.status:1143: creating neoscrypt-config.h
config.status:1372: executing depfiles commands
config.status:1449: cd .       && sed -e '/# am--include-marker/d' Makefile         | make -f - am--depfiles
make: Nothing to be done for 'am--depfiles'.
config.status:1454: $? = 0
config.status:1372: executing libtool commands
configure:13973: WARNING: unrecognized options: --with-gmp

## ---------------- ##
## Cache variables. ##
## ---------------- ##

ac_cv_build=x86_64-pc-linux-gnu
ac_cv_build_prog_CPP='gcc -E'
ac_cv_build_prog_cc_g=yes
ac_cv_c_bigendian=no
ac_cv_c_compiler_gnu=yes
ac_cv_env_CCASFLAGS_set=
ac_cv_env_CCASFLAGS_value=
ac_cv_env_CCAS_set=
ac_cv_env_CCAS_value=
ac_cv_env_CC_set=
ac_cv_env_CC_value=
ac_cv_env_CFLAGS_set=
ac_cv_env_CFLAGS_value=
ac_cv_env_CPPFLAGS_set=
ac_cv_env_CPPFLAGS_value=
ac_cv_env_CPP_set=
ac_cv_env_CPP_value=
ac_cv_env_CRYPTO_CFLAGS_set=
ac_cv_env_CRYPTO_CFLAGS_value=
ac_cv_env_CRYPTO_LIBS_set=
ac_cv_env_CRYPTO_LIBS_value=
ac_cv_env_LDFLAGS_set=
ac_cv_env_LDFLAGS_value=
ac_cv_env_LIBS_set=
ac_cv_env_LIBS_value=
ac_cv_env_LT_SYS_LIBRARY_PATH_set=
ac_cv_env_LT_SYS_LIBRARY_PATH_value=
ac_cv_env_PKG_CONFIG_LIBDIR_set=
ac_cv_env_PKG_CONFIG_LIBDIR_value=
ac_cv_env_PKG_CONFIG_PATH_set=
ac_cv_env_PKG_CONFIG_PATH_value=
ac_cv_env_PKG_CONFIG_set=
ac_cv_env_PKG_CONFIG_value=
ac_cv_env_build_alias_set=set
ac_cv_env_build_alias_value=x86_64-pc-linux-gnu
ac_cv_env_host_alias_set=set
ac_cv_env_host_alias_value=i686-w64-mingw32
ac_cv_env_target_alias_set=
ac_cv_env_target_alias_value=
ac_cv_exeext=.exe
ac_cv_header_dlfcn_h=no
ac_cv_header_gmp_h=no
ac_cv_header_inttypes_h=yes
ac_cv_header_memory_h=yes
ac_cv_header_stdc=yes
ac_cv_header_stdint_h=yes
ac_cv_header_stdlib_h=yes
ac_cv_header_string_h=yes
ac_cv_header_strings_h=yes
ac_cv_header_sys_stat_h=yes
ac_cv_header_sys_types_h=yes
ac_cv_header_unistd_h=yes
ac_cv_host=i686-w64-mingw32
ac_cv_objext=o
ac_cv_path_AR=/usr/bin/i686-w64-mingw32-ar
ac_cv_path_EGREP='/usr/bin/grep -E'
ac_cv_path_FGREP='/usr/bin/grep -F'
ac_cv_path_GREP=/usr/bin/grep
ac_cv_path_PKG_CONFIG=/usr/bin/i686-w64-mingw32-pkg-config
ac_cv_path_RANLIB=/usr/bin/i686-w64-mingw32-ranlib
ac_cv_path_SED=/usr/bin/sed
ac_cv_path_STRIP=/usr/bin/i686-w64-mingw32-strip
ac_cv_path_install='/usr/bin/install -c'
ac_cv_path_lt_DD=/usr/bin/dd
ac_cv_path_mkdir=/usr/bin/mkdir
ac_cv_prog_AR=i686-w64-mingw32-ar
ac_cv_prog_AWK=mawk
ac_cv_prog_CC=i686-w64-mingw32-gcc
ac_cv_prog_CPP='i686-w64-mingw32-gcc -E'
ac_cv_prog_DLLTOOL=i686-w64-mingw32-dlltool
ac_cv_prog_OBJDUMP=i686-w64-mingw32-objdump
ac_cv_prog_RANLIB=i686-w64-mingw32-ranlib
ac_cv_prog_STRIP=i686-w64-mingw32-strip
ac_cv_prog_ac_ct_CC_FOR_BUILD=gcc
ac_cv_prog_cc_c89=
ac_cv_prog_cc_g=yes
ac_cv_prog_make_make_set=yes
ac_cv_type___int128=no
am_cv_CCAS_dependencies_compiler_type=gcc3
am_cv_CC_dependencies_compiler_type=gcc3
am_cv_make_support_nested_variables=yes
am_cv_prog_cc_c_o=yes
lt_cv_ar_at_file=@
lt_cv_archive_cmds_need_lc=yes
lt_cv_deplibs_check_method='file_magic ^x86 archive import|^x86 DLL'
lt_cv_file_magic_cmd=func_win32_libid
lt_cv_file_magic_test_file=
lt_cv_ld_reload_flag=-r
lt_cv_nm_interface='BSD nm'
lt_cv_objdir=.libs
lt_cv_path_LD=/usr/bin/i686-w64-mingw32-ld
lt_cv_path_NM='/usr/bin/i686-w64-mingw32-nm -B'
lt_cv_path_mainfest_tool=no
lt_cv_prog_compiler_c_o=yes
lt_cv_prog_compiler_pic='-DDLL_EXPORT -DPIC'
lt_cv_prog_compiler_pic_works=yes
lt_cv_prog_compiler_rtti_exceptions=no
lt_cv_prog_compiler_static_works=yes
lt_cv_prog_gnu_ld=yes
lt_cv_sharedlib_from_linklib_cmd=func_cygming_dll_for_implib
lt_cv_sys_global_symbol_pipe='sed -n -e '\''s/^.*[	 ]\([ABCDGIRSTW][ABCDGIRSTW]*\)[	 ][	 ]*_\([_A-Za-z][_A-Za-z0-9]*\)$/\1 _\2 \2/p'\'' | sed '\''/ __gnu_lto/d'\'''
lt_cv_sys_global_symbol_to_c_name_address='sed -n -e '\''s/^: \(.*\) .*$/  {"\1", (void *) 0},/p'\'' -e '\''s/^[ABCDGIRSTW][ABCDGIRSTW]* .* \(.*\)$/  {"\1", (void *) \&\1},/p'\'''
lt_cv_sys_global_symbol_to_c_name_address_lib_prefix='sed -n -e '\''s/^: \(.*\) .*$/  {"\1", (void *) 0},/p'\'' -e '\''s/^[ABCDGIRSTW][ABCDGIRSTW]* .* \(lib.*\)$/  {"\1", (void *) \&\1},/p'\'' -e '\''s/^[ABCDGIRSTW][ABCDGIRSTW]* .* \(.*\)$/  {"lib\1", (void *) \&\1},/p'\'''
lt_cv_sys_global_symbol_to_cdecl='sed -n -e '\''s/^T .* \(.*\)$/extern int \1();/p'\'' -e '\''s/^[ABCDGIRSTW][ABCDGIRSTW]* .* \(.*\)$/extern char \1;/p'\'''
lt_cv_sys_global_symbol_to_import=
lt_cv_sys_max_cmd_len=1572864
lt_cv_to_host_file_cmd=func_convert_file_nix_to_w32
lt_cv_to_tool_file_cmd=func_convert_file_noop
lt_cv_truncate_bin='/usr/bin/dd bs=4096 count=1'

## ----------------- ##
## Output variables. ##
## ----------------- ##

ACLOCAL='${SHELL} /opt/wine64/drive_c/electrum/contrib/neoscrypt_module/build-aux/missing aclocal-1.16'
AMDEPBACKSLASH='\'
AMDEP_FALSE='#'
AMDEP_TRUE=''
AMTAR='$${TAR-tar}'
AM_BACKSLASH='\'
AM_DEFAULT_V='$(AM_DEFAULT_VERBOSITY)'
AM_DEFAULT_VERBOSITY='0'
AM_V='$(V)'
AR='/usr/bin/i686-w64-mingw32-ar'
AUTOCONF='${SHELL} /opt/wine64/drive_c/electrum/contrib/neoscrypt_module/build-aux/missing autoconf'
AUTOHEADER='${SHELL} /opt/wine64/drive_c/electrum/contrib/neoscrypt_module/build-aux/missing autoheader'
AUTOMAKE='${SHELL} /opt/wine64/drive_c/electrum/contrib/neoscrypt_module/build-aux/missing automake-1.16'
AWK='mawk'
BREW=''
BUILD_EXEEXT=''
BUILD_OBJEXT=''
CC='i686-w64-mingw32-gcc'
CCAS='i686-w64-mingw32-gcc'
CCASDEPMODE='depmode=gcc3'
CCASFLAGS='-g'
CCDEPMODE='depmode=gcc3'
CC_FOR_BUILD='gcc'
CFLAGS='-O2 -fvisibility=hidden -std=c89 -pedantic -Wall -Wextra -Wcast-align -Wnested-externs -Wshadow -Wstrict-prototypes -Wno-unused-function -Wno-long-long -Wno-overlength-strings -W -g'
CFLAGS_FOR_BUILD='-g -O2'
CPP='i686-w64-mingw32-gcc -E'
CPPFLAGS=''
CPPFLAGS_FOR_BUILD=''
CPP_FOR_BUILD='gcc -E'
CRYPTO_CFLAGS=''
CRYPTO_LIBS=''
CYGPATH_W='echo'
DEFS='-DHAVE_CONFIG_H'
DEPDIR='.deps'
DLLTOOL='i686-w64-mingw32-dlltool'
DSYMUTIL=''
DUMPBIN=''
ECHO_C=''
ECHO_N='-n'
ECHO_T=''
EGREP='/usr/bin/grep -E'
ENABLE_COVERAGE_FALSE=''
ENABLE_COVERAGE_TRUE='#'
ENABLE_MODULE_ECDH_FALSE=''
ENABLE_MODULE_ECDH_TRUE='#'
ENABLE_MODULE_RECOVERY_FALSE=''
ENABLE_MODULE_RECOVERY_TRUE='#'
EXEEXT='.exe'
FGREP='/usr/bin/grep -F'
GREP='/usr/bin/grep'
INSTALL_DATA='${INSTALL} -m 644'
INSTALL_PROGRAM='${INSTALL}'
INSTALL_SCRIPT='${INSTALL}'
INSTALL_STRIP_PROGRAM='$(install_sh) -c -s'
LD='/usr/bin/i686-w64-mingw32-ld'
LDFLAGS=''
LDFLAGS_FOR_BUILD=''
LIBOBJS=''
LIBS=''
LIBTOOL='$(SHELL) $(top_builddir)/libtool'
LIPO=''
LN_S='ln -s'
LTLIBOBJS=''
LT_SYS_LIBRARY_PATH=''
MAKEINFO='${SHELL} /opt/wine64/drive_c/electrum/contrib/neoscrypt_module/build-aux/missing makeinfo'
MANIFEST_TOOL=':'
MKDIR_P='/usr/bin/mkdir -p'
NM='/usr/bin/i686-w64-mingw32-nm -B'
NMEDIT=''
OBJDUMP='i686-w64-mingw32-objdump'
OBJEXT='o'
OTOOL64=''
OTOOL=''
PACKAGE='libneoscrypt'
PACKAGE_BUGREPORT=''
PACKAGE_NAME='libneoscrypt'
PACKAGE_STRING='libneoscrypt 1.0'
PACKAGE_TARNAME='libneoscrypt'
PACKAGE_URL=''
PACKAGE_VERSION='1.0'
PATH_SEPARATOR=':'
PKG_CONFIG=''
PKG_CONFIG_LIBDIR=''
PKG_CONFIG_PATH=''
PORT=''
RANLIB='/usr/bin/i686-w64-mingw32-ranlib'
SECP_INCLUDES=''
SECP_LIBS=''
SECP_TEST_INCLUDES=''
SECP_TEST_LIBS=''
SED='/usr/bin/sed'
SET_MAKE=''
SHELL='/bin/bash'
STRIP='/usr/bin/i686-w64-mingw32-strip'
USE_ASM_ARM_FALSE=''
USE_ASM_ARM_TRUE='#'
USE_BENCHMARK_FALSE=''
USE_BENCHMARK_TRUE='#'
USE_ECMULT_STATIC_PRECOMPUTATION_FALSE=''
USE_ECMULT_STATIC_PRECOMPUTATION_TRUE='#'
USE_EXHAUSTIVE_TESTS_FALSE='#'
USE_EXHAUSTIVE_TESTS_TRUE=''
USE_EXTERNAL_ASM_FALSE=''
USE_EXTERNAL_ASM_TRUE='#'
USE_TESTS_FALSE='#'
USE_TESTS_TRUE=''
VERSION='1.0'
ac_ct_AR=''
ac_ct_CC=''
ac_ct_CC_FOR_BUILD='gcc'
ac_ct_DUMPBIN=''
am__EXEEXT_FALSE='#'
am__EXEEXT_TRUE=''
am__fastdepCCAS_FALSE='#'
am__fastdepCCAS_TRUE=''
am__fastdepCC_FALSE='#'
am__fastdepCC_TRUE=''
am__include='include'
am__isrc=''
am__leading_dot='.'
am__nodep='_no'
am__quote=''
am__tar='$${TAR-tar} chof - "$$tardir"'
am__untar='$${TAR-tar} xf -'
bindir='${exec_prefix}/bin'
build='x86_64-pc-linux-gnu'
build_alias='x86_64-pc-linux-gnu'
build_cpu='x86_64'
build_os='linux-gnu'
build_vendor='pc'
datadir='${datarootdir}'
datarootdir='${prefix}/share'
docdir='${datarootdir}/doc/${PACKAGE_TARNAME}'
dvidir='${docdir}'
exec_prefix='${prefix}'
host='i686-w64-mingw32'
host_alias='i686-w64-mingw32'
host_cpu='i686'
host_os='mingw32'
host_vendor='w64'
htmldir='${docdir}'
includedir='${prefix}/include'
infodir='${datarootdir}/info'
install_sh='${SHELL} /opt/wine64/drive_c/electrum/contrib/neoscrypt_module/build-aux/install-sh'
libdir='${exec_prefix}/lib'
libexecdir='${exec_prefix}/libexec'
localedir='${datarootdir}/locale'
localstatedir='${prefix}/var'
mandir='${datarootdir}/man'
mkdir_p='$(MKDIR_P)'
oldincludedir='/usr/include'
pdfdir='${docdir}'
prefix='/opt/wine64/drive_c/electrum/contrib/neoscrypt_module/dist'
program_transform_name='s,x,x,'
psdir='${docdir}'
runstatedir='${localstatedir}/run'
sbindir='${exec_prefix}/sbin'
sharedstatedir='${prefix}/com'
sysconfdir='${prefix}/etc'
target_alias=''

## ----------- ##
## confdefs.h. ##
## ----------- ##

/* confdefs.h */
#define PACKAGE_NAME "libneoscrypt"
#define PACKAGE_TARNAME "libneoscrypt"
#define PACKAGE_VERSION "1.0"
#define PACKAGE_STRING "libneoscrypt 1.0"
#define PACKAGE_BUGREPORT ""
#define PACKAGE_URL ""
#define PACKAGE "libneoscrypt"
#define VERSION "1.0"
#define STDC_HEADERS 1
#define HAVE_SYS_TYPES_H 1
#define HAVE_SYS_STAT_H 1
#define HAVE_STDLIB_H 1
#define HAVE_STRING_H 1
#define HAVE_MEMORY_H 1
#define HAVE_STRINGS_H 1
#define HAVE_INTTYPES_H 1
#define HAVE_STDINT_H 1
#define HAVE_UNISTD_H 1
#define LT_OBJDIR ".libs/"
#define USE_FIELD_10X26 1
#define USE_NUM_NONE 1
#define USE_FIELD_INV_BUILTIN 1
#define USE_SCALAR_INV_BUILTIN 1
#define USE_SCALAR_8X32 1
#define ECMULT_WINDOW_SIZE 15
#define ECMULT_GEN_PREC_BITS 4

configure: exit 0
